-------------------------------------------------------------------------------
Test set: online.qastudy.automationpractice.MainPageTest
-------------------------------------------------------------------------------
Tests run: 1, Failures: 0, Errors: 1, Skipped: 0, Time elapsed: 0.064 sec <<< FAILURE! - in online.qastudy.automationpractice.MainPageTest
canAddToCartATShirt(online.qastudy.automationpractice.MainPageTest)  Time elapsed: 0.008 sec  <<< ERROR!
java.lang.NullPointerException
	at online.qastudy.automationpractice.MainPageTest.setUp(MainPageTest.java:18)

